==5239== Memcheck, a memory error detector
==5239== Copyright (C) 2002-2013, and GNU GPL'd, by Julian Seward et al.
==5239== Using Valgrind-3.10.0.SVN and LibVEX; rerun with -h for copyright info
==5239== Command: ./pe02
==5239== Parent PID: 30894
==5239== 
--5239-- 
--5239-- Valgrind options:
--5239--    --tool=memcheck
--5239--    --leak-check=full
--5239--    --verbose
--5239--    --log-file=memcheck.log
--5239-- Contents of /proc/version:
--5239--   Linux version 3.13.0-34-generic (buildd@allspice) (gcc version 4.8.2 (Ubuntu 4.8.2-19ubuntu1) ) #60-Ubuntu SMP Wed Aug 13 15:45:27 UTC 2014
--5239-- Arch and hwcaps: AMD64, amd64-cx16-rdtscp-sse3-avx
--5239-- Page sizes: currently 4096, max supported 4096
--5239-- Valgrind library directory: /usr/lib/valgrind
--5239-- Reading syms from /home/parallels/ECE264/problems/PE02/pe02
--5239-- Reading syms from /lib/x86_64-linux-gnu/ld-2.19.so
--5239--   Considering /lib/x86_64-linux-gnu/ld-2.19.so ..
--5239--   .. CRC mismatch (computed 4cbae35e wanted 8d683c31)
--5239--   Considering /usr/lib/debug/lib/x86_64-linux-gnu/ld-2.19.so ..
--5239--   .. CRC is valid
--5239-- Reading syms from /usr/lib/valgrind/memcheck-amd64-linux
--5239--   Considering /usr/lib/valgrind/memcheck-amd64-linux ..
--5239--   .. CRC mismatch (computed 37cdde19 wanted adc367dd)
--5239--    object doesn't have a symbol table
--5239--    object doesn't have a dynamic symbol table
--5239-- Scheduler: using generic scheduler lock implementation.
--5239-- Reading suppressions file: /usr/lib/valgrind/default.supp
==5239== embedded gdbserver: reading from /tmp/vgdb-pipe-from-vgdb-to-5239-by-parallels-on-???
==5239== embedded gdbserver: writing to   /tmp/vgdb-pipe-to-vgdb-from-5239-by-parallels-on-???
==5239== embedded gdbserver: shared mem   /tmp/vgdb-pipe-shared-mem-vgdb-5239-by-parallels-on-???
==5239== 
==5239== TO CONTROL THIS PROCESS USING vgdb (which you probably
==5239== don't want to do, unless you know exactly what you're doing,
==5239== or are doing some strange experiment):
==5239==   /usr/lib/valgrind/../../bin/vgdb --pid=5239 ...command...
==5239== 
==5239== TO DEBUG THIS PROCESS USING GDB: start GDB like this
==5239==   /path/to/gdb ./pe02
==5239== and then give GDB the following command
==5239==   target remote | /usr/lib/valgrind/../../bin/vgdb --pid=5239
==5239== --pid is optional if only one valgrind process is running
==5239== 
--5239-- REDIR: 0x4019ca0 (strlen) redirected to 0x38068331 (???)
--5239-- Reading syms from /usr/lib/valgrind/vgpreload_core-amd64-linux.so
--5239--   Considering /usr/lib/valgrind/vgpreload_core-amd64-linux.so ..
--5239--   .. CRC mismatch (computed 329d6860 wanted c0186920)
--5239--    object doesn't have a symbol table
--5239-- Reading syms from /usr/lib/valgrind/vgpreload_memcheck-amd64-linux.so
--5239--   Considering /usr/lib/valgrind/vgpreload_memcheck-amd64-linux.so ..
--5239--   .. CRC mismatch (computed 1fb85af8 wanted 2e9e3c16)
--5239--    object doesn't have a symbol table
==5239== WARNING: new redirection conflicts with existing -- ignoring it
--5239--     old: 0x04019ca0 (strlen              ) R-> (0000.0) 0x38068331 ???
--5239--     new: 0x04019ca0 (strlen              ) R-> (2007.0) 0x04c2e1a0 strlen
--5239-- REDIR: 0x4019a50 (index) redirected to 0x4c2dd50 (index)
--5239-- REDIR: 0x4019c70 (strcmp) redirected to 0x4c2f2f0 (strcmp)
--5239-- REDIR: 0x401a9c0 (mempcpy) redirected to 0x4c31da0 (mempcpy)
--5239-- Reading syms from /lib/x86_64-linux-gnu/libc-2.19.so
--5239--   Considering /lib/x86_64-linux-gnu/libc-2.19.so ..
--5239--   .. CRC mismatch (computed bbba420d wanted a133d70e)
--5239--   Considering /usr/lib/debug/lib/x86_64-linux-gnu/libc-2.19.so ..
--5239--   .. CRC is valid
--5239-- REDIR: 0x4ec4bb0 (strcasecmp) redirected to 0x4a25720 (_vgnU_ifunc_wrapper)
--5239-- REDIR: 0x4ec6ea0 (strncasecmp) redirected to 0x4a25720 (_vgnU_ifunc_wrapper)
--5239-- REDIR: 0x4ec4380 (memcpy@GLIBC_2.2.5) redirected to 0x4a25720 (_vgnU_ifunc_wrapper)
--5239-- REDIR: 0x4ec2610 (rindex) redirected to 0x4c2da30 (rindex)
--5239-- REDIR: 0x4ec0910 (strlen) redirected to 0x4c2e0e0 (strlen)
--5239-- REDIR: 0x4ecb910 (strchrnul) redirected to 0x4c319b0 (strchrnul)
--5239-- REDIR: 0x4ebac40 (free) redirected to 0x4c2bd80 (free)
==5239== 
==5239== HEAP SUMMARY:
==5239==     in use at exit: 0 bytes in 0 blocks
==5239==   total heap usage: 0 allocs, 0 frees, 0 bytes allocated
==5239== 
==5239== All heap blocks were freed -- no leaks are possible
==5239== 
==5239== ERROR SUMMARY: 0 errors from 0 contexts (suppressed: 0 from 0)
==5239== ERROR SUMMARY: 0 errors from 0 contexts (suppressed: 0 from 0)
